<?xml version="1.0" encoding="UTF-8"?>
<!-- Generated by org.testng.reporters.JUnitReportReporter -->
<testsuite hostname="DESKTOP-HKGAK7I" failures="0" tests="3" name="selenium.EmailableReport" time="0.028" errors="0" timestamp="2023-10-30T11:52:31 IST" skipped="0">
  <testcase classname="selenium.EmailableReport" name="M3" time="0.006"/>
  <system-out>
    <![CDATA[Method 3 is running]]>
  </system-out>
  <testcase classname="selenium.EmailableReport" name="M1" time="0.005"/>
  <system-out>
    <![CDATA[Method 1 is running]]>
  </system-out>
  <testcase classname="selenium.EmailableReport" name="M2" time="0.017"/>
  <system-out>
    <![CDATA[Method 2 is running]]>
  </system-out>
</testsuite> <!-- selenium.EmailableReport -->
