<?xml version="1.0" encoding="UTF-8"?>
<!-- Generated by org.testng.reporters.JUnitReportReporter -->
<testsuite hostname="DESKTOP-HKGAK7I" failures="0" tests="3" name="selenium.ExtentDemo" time="0.025" errors="0" timestamp="2023-10-30T11:58:21 IST" skipped="0">
  <testcase classname="selenium.ExtentDemo" name="M1" time="0.005"/>
  <system-out>
    <![CDATA[Method 1 is running]]>
  </system-out>
  <testcase classname="selenium.ExtentDemo" name="M3" time="0.004"/>
  <system-out>
    <![CDATA[Method 3 is running]]>
  </system-out>
  <testcase classname="selenium.ExtentDemo" name="M2" time="0.016"/>
  <system-out>
    <![CDATA[Method 2 is running]]>
  </system-out>
</testsuite> <!-- selenium.ExtentDemo -->
