<?xml version="1.0" encoding="UTF-8"?>
<!-- Generated by org.testng.reporters.JUnitReportReporter -->
<testsuite hostname="DESKTOP-HKGAK7I" failures="0" tests="4" name="selenium.Keyword1" time="0.032" errors="0" timestamp="2023-10-30T11:30:23 IST" skipped="0">
  <testcase classname="selenium.Keyword1" name="M1" time="0.004"/>
  <system-out/>
  <testcase classname="selenium.Keyword1" name="M1" time="0.002"/>
  <system-out/>
  <testcase classname="selenium.Keyword1" name="M1" time="0.004"/>
  <system-out/>
  <testcase classname="selenium.Keyword1" name="M1" time="0.022"/>
  <system-out/>
</testsuite> <!-- selenium.Keyword1 -->
