<?xml version="1.0" encoding="UTF-8"?>
<!-- Generated by org.testng.reporters.JUnitReportReporter -->
<testsuite hostname="DESKTOP-HKGAK7I" failures="0" tests="1" name="selenium.Keyword2" time="0.023" errors="0" timestamp="2023-10-30T11:31:38 IST" skipped="0">
  <testcase classname="selenium.Keyword2" name="M1" time="0.023"/>
  <system-out/>
</testsuite> <!-- selenium.Keyword2 -->
