<?xml version="1.0" encoding="UTF-8"?>
<!-- Generated by org.testng.reporters.JUnitReportReporter -->
<testsuite hostname="DESKTOP-HKGAK7I" failures="0" tests="3" name="selenium.Keyword5" time="0.030" errors="0" timestamp="2023-10-30T11:38:01 IST" skipped="0">
  <testcase classname="selenium.Keyword5" name="M1" time="0.004"/>
  <system-out/>
  <testcase classname="selenium.Keyword5" name="M2" time="0.022"/>
  <system-out/>
  <testcase classname="selenium.Keyword5" name="M3" time="0.004"/>
  <system-out/>
</testsuite> <!-- selenium.Keyword5 -->
